#
# A fatal error has been detected by the Java Runtime Environment:
#
#  EXCEPTION_ACCESS_VIOLATION (0xc0000005) at pc=0x0000000077898845, pid=18400, tid=26796
#
# JRE version: Java(TM) SE Runtime Environment (8.0_60-b27) (build 1.8.0_60-b27)
# Java VM: Java HotSpot(TM) 64-Bit Server VM (25.60-b23 mixed mode windows-amd64 compressed oops)
# Problematic frame:
# V  [jvm.dll+0x128845]
#
# Failed to write core dump. Minidumps are not enabled by default on client versions of Windows
#
# If you would like to submit a bug report, please visit:
#   http://bugreport.java.com/bugreport/crash.jsp
#

---------------  T H R E A D  ---------------

Current thread (0x0000000017ed7000):  JavaThread "JDWP Transport Listener: dt_socket" daemon [_thread_in_vm, id=26796, stack(0x0000000019550000,0x0000000019650000)]

siginfo: ExceptionCode=0xc0000005, reading address 0xffffffffffffffff

Registers:
RAX=0x000000001964f501, RBX=0x0000000017ed7000, RCX=0x6e00003b79747265, RDX=0x0000000000000000
RSP=0x000000001964f4d0, RBP=0x6e00003b79747265, RSI=0x000000001964f5e8, RDI=0x00000000018d8fb0
R8 =0x0000000017ed7000, R9 =0x0000000000000000, R10=0x0000000000000000, R11=0x0000000000000064
R12=0x0000000000000000, R13=0x0000000017ecbd98, R14=0x0000000000000000, R15=0x0000000000000000
RIP=0x0000000077898845, EFLAGS=0x0000000000010206

Top of Stack: (sp=0x000000001964f4d0)
0x000000001964f4d0:   0000000017ed7000 0000000017ed7000
0x000000001964f4e0:   000000001964f598 0000000077a9e18b
0x000000001964f4f0:   0000000017ed7000 0000000077aba9ed
0x000000001964f500:   0000000000000000 0000000050139155
0x000000001964f510:   000000001b45c778 000000005014291e
0x000000001964f520:   0000000017ed7000 0000000000000000
0x000000001964f530:   0000000000000000 0000000000000000
0x000000001964f540:   6e00003b79747265 0000000050141a15
0x000000001964f550:   000000001964f5e8 000000001964f5c0
0x000000001964f560:   0000000000000001 000000001b45c778
0x000000001964f570:   6e00003b79747265 00000000501253b3
0x000000001964f580:   000000001964f6b0 0000000000000001
0x000000001964f590:   0000000000000001 000000001b45c778
0x000000001964f5a0:   0000000000000002 0000000000000000
0x000000001964f5b0:   0000000000000000 0000000000000000
0x000000001964f5c0:   0000000000000001 0000000050125571 

Instructions: (pc=0x0000000077898845)
0x0000000077898825:   cc cc cc cc cc cc cc cc cc cc cc 48 83 ec 28 48
0x0000000077898835:   85 c9 75 07 33 c0 48 83 c4 28 c3 48 89 5c 24 20
0x0000000077898845:   48 8b 19 48 85 db 74 20 48 83 fb 37 74 1a 48 8b
0x0000000077898855:   13 48 8b cb ff 52 10 84 c0 74 0d 48 8b c3 48 8b 


Register to memory mapping:

RAX=0x000000001964f501 is pointing into the stack for thread: 0x0000000017ed7000
RBX=0x0000000017ed7000 is a thread
RCX=0x6e00003b79747265 is an unknown value
RDX=0x0000000000000000 is an unknown value
RSP=0x000000001964f4d0 is pointing into the stack for thread: 0x0000000017ed7000
RBP=0x6e00003b79747265 is an unknown value
RSI=0x000000001964f5e8 is pointing into the stack for thread: 0x0000000017ed7000
RDI=0x00000000018d8fb0 is an unknown value
R8 =0x0000000017ed7000 is a thread
R9 =0x0000000000000000 is an unknown value
R10=0x0000000000000000 is an unknown value
R11=0x0000000000000064 is an unknown value
R12=0x0000000000000000 is an unknown value
R13=0x0000000017ecbd98 is an unknown value
R14=0x0000000000000000 is an unknown value
R15=0x0000000000000000 is an unknown value


Stack: [0x0000000019550000,0x0000000019650000],  sp=0x000000001964f4d0,  free space=1021k
Native frames: (J=compiled Java code, j=interpreted, Vv=VM code, C=native code)
V  [jvm.dll+0x128845]
V  [jvm.dll+0x34a9ed]
C  [jdwp.dll+0x21a15]
C  [jdwp.dll+0x53b3]
C  [jdwp.dll+0x5571]
C  [jdwp.dll+0xf0a8]
C  [jdwp.dll+0x1f2d5]
C  [jdwp.dll+0x1f4aa]
V  [jvm.dll+0x1bb8e8]
V  [jvm.dll+0x243134]
V  [jvm.dll+0x299f6a]
C  [msvcr100.dll+0x21d9f]
C  [msvcr100.dll+0x21e3b]
C  [KERNEL32.DLL+0x18102]
C  [ntdll.dll+0x5c5b4]


---------------  P R O C E S S  ---------------

Java Threads: ( => current thread )
  0x000000001b305000 JavaThread "DestroyJavaVM" [_thread_blocked, id=24644, stack(0x0000000003150000,0x0000000003250000)]
  0x000000001b304000 JavaThread "http-nio-8080-AsyncTimeout" daemon [_thread_blocked, id=17516, stack(0x0000000024d80000,0x0000000024e80000)]
  0x000000001b309800 JavaThread "http-nio-8080-Acceptor-0" daemon [_thread_in_native, id=30380, stack(0x0000000024c80000,0x0000000024d80000)]
  0x000000001b308000 JavaThread "http-nio-8080-ClientPoller-1" daemon [_thread_in_native, id=27784, stack(0x0000000024b80000,0x0000000024c80000)]
  0x000000001b308800 JavaThread "http-nio-8080-ClientPoller-0" daemon [_thread_in_native, id=28460, stack(0x0000000024a80000,0x0000000024b80000)]
  0x000000001b303800 JavaThread "NioBlockingSelector.BlockPoller-1" daemon [_thread_in_native, id=27988, stack(0x0000000024980000,0x0000000024a80000)]
  0x000000001b306800 JavaThread "pool-3-thread-1" [_thread_blocked, id=28616, stack(0x0000000023070000,0x0000000023170000)]
  0x000000001b2dd000 JavaThread "Tomcat JDBC Pool Cleaner[349885916:1478760230876]" daemon [_thread_blocked, id=28844, stack(0x0000000020c30000,0x0000000020d30000)]
  0x000000001d2c8000 JavaThread "container-0" [_thread_blocked, id=27964, stack(0x000000001f940000,0x000000001fa40000)]
  0x000000001d2c7000 JavaThread "ContainerBackgroundProcessor[StandardEngine[Tomcat]]" daemon [_thread_blocked, id=26456, stack(0x000000001f840000,0x000000001f940000)]
  0x000000001a72f000 JavaThread "RMI TCP Accept-0" daemon [_thread_in_native, id=27792, stack(0x000000001adf0000,0x000000001aef0000)]
  0x000000001a618000 JavaThread "RMI TCP Accept-57568" daemon [_thread_in_native, id=24920, stack(0x000000001acf0000,0x000000001adf0000)]
  0x000000001a73f000 JavaThread "RMI TCP Accept-0" daemon [_thread_in_native, id=25324, stack(0x000000001abf0000,0x000000001acf0000)]
  0x0000000019f3b800 JavaThread "Service Thread" daemon [_thread_blocked, id=28704, stack(0x000000001a2f0000,0x000000001a3f0000)]
  0x0000000017ef2800 JavaThread "C1 CompilerThread2" daemon [_thread_blocked, id=27704, stack(0x0000000019df0000,0x0000000019ef0000)]
  0x0000000017ef0000 JavaThread "C2 CompilerThread1" daemon [_thread_blocked, id=24664, stack(0x0000000019cf0000,0x0000000019df0000)]
  0x0000000017eea800 JavaThread "C2 CompilerThread0" daemon [_thread_blocked, id=11272, stack(0x0000000019bf0000,0x0000000019cf0000)]
  0x0000000017ede800 JavaThread "JDWP Command Reader" daemon [_thread_in_native, id=22520, stack(0x0000000019af0000,0x0000000019bf0000)]
  0x0000000017ed9000 JavaThread "JDWP Event Helper Thread" daemon [_thread_blocked, id=24692, stack(0x00000000199f0000,0x0000000019af0000)]
=>0x0000000017ed7000 JavaThread "JDWP Transport Listener: dt_socket" daemon [_thread_in_vm, id=26796, stack(0x0000000019550000,0x0000000019650000)]
  0x0000000017ec3800 JavaThread "Attach Listener" daemon [_thread_blocked, id=28028, stack(0x0000000019430000,0x0000000019530000)]
  0x0000000017ec2800 JavaThread "Signal Dispatcher" daemon [_thread_blocked, id=29348, stack(0x0000000019330000,0x0000000019430000)]
  0x000000000334c800 JavaThread "Finalizer" daemon [_thread_blocked, id=28472, stack(0x0000000019130000,0x0000000019230000)]
  0x0000000017e89800 JavaThread "Reference Handler" daemon [_thread_blocked, id=20164, stack(0x0000000019030000,0x0000000019130000)]

Other Threads:
  0x0000000017e87800 VMThread [stack: 0x0000000018f30000,0x0000000019030000] [id=30480]
  0x000000001a734000 WatcherThread [stack: 0x000000001aef0000,0x000000001aff0000] [id=21220]

VM state:not at safepoint (normal execution)

VM Mutex/Monitor currently owned by a thread: None

Heap:
 PSYoungGen      total 155648K, used 64914K [0x00000000d5e00000, 0x00000000e2780000, 0x0000000100000000)
  eden space 142336K, 36% used [0x00000000d5e00000,0x00000000d9143dc8,0x00000000de900000)
  from space 13312K, 93% used [0x00000000de900000,0x00000000df520cf0,0x00000000df600000)
  to   space 14336K, 0% used [0x00000000e1980000,0x00000000e1980000,0x00000000e2780000)
 ParOldGen       total 105984K, used 22272K [0x0000000081a00000, 0x0000000088180000, 0x00000000d5e00000)
  object space 105984K, 21% used [0x0000000081a00000,0x0000000082fc0130,0x0000000088180000)
 Metaspace       used 45135K, capacity 45586K, committed 46080K, reserved 1089536K
  class space    used 5671K, capacity 5791K, committed 5888K, reserved 1048576K

Card table byte_map: [0x0000000012710000,0x0000000012b10000] byte_map_base: 0x0000000012303000

Marking Bits: (ParMarkBitMap*) 0x0000000077f7a5b0
 Begin Bits: [0x00000000131c0000, 0x0000000015158000)
 End Bits:   [0x0000000015158000, 0x00000000170f0000)

Polling page: 0x00000000018b0000

CodeCache: size=245760Kb used=15441Kb max_used=16147Kb free=230318Kb
 bounds [0x0000000003350000, 0x0000000004360000, 0x0000000012350000]
 total_blobs=4282 nmethods=3804 adapters=397
 compilation: enabled

Compilation events (10 events):
Event: 146.836 Thread 0x0000000017ef2800 4525   !   3       org.apache.tomcat.util.net.NioEndpoint$Poller::timeout (493 bytes)
Event: 146.841 Thread 0x0000000017ef2800 nmethod 4525 0x0000000003d73710 code [0x0000000003d73c80, 0x0000000003d77638]
Event: 146.841 Thread 0x0000000017ef2800 4527       3       java.util.concurrent.atomic.AtomicLong::getAndSet (12 bytes)
Event: 146.841 Thread 0x0000000017ef2800 nmethod 4527 0x00000000040265d0 code [0x0000000004026720, 0x0000000004026870]
Event: 146.841 Thread 0x0000000017ef2800 4526       3       org.apache.tomcat.util.net.NioEndpoint::access$200 (4 bytes)
Event: 146.841 Thread 0x0000000017ef2800 nmethod 4526 0x0000000003f43ad0 code [0x0000000003f43c20, 0x0000000003f43d50]
Event: 148.837 Thread 0x0000000017ef2800 4528       3       sun.nio.ch.SelectorImpl::keys (28 bytes)
Event: 148.838 Thread 0x0000000017ef2800 nmethod 4528 0x0000000003a8bbd0 code [0x0000000003a8bd60, 0x0000000003a8c218]
Event: 187.845 Thread 0x0000000017ef2800 4529       3       java.nio.channels.spi.AbstractSelector::begin (48 bytes)
Event: 187.847 Thread 0x0000000017ef2800 nmethod 4529 0x00000000037a12d0 code [0x00000000037a14a0, 0x00000000037a1e18]

GC Heap History (10 events):
Event: 3.278 GC heap before
{Heap before GC invocations=7 (full 1):
 PSYoungGen      total 71680K, used 71653K [0x00000000d5e00000, 0x00000000dd500000, 0x0000000100000000)
  eden space 66560K, 100% used [0x00000000d5e00000,0x00000000d9f00000,0x00000000d9f00000)
  from space 5120K, 99% used [0x00000000d9f00000,0x00000000da3f94e0,0x00000000da400000)
  to   space 10752K, 0% used [0x00000000dca80000,0x00000000dca80000,0x00000000dd500000)
 ParOldGen       total 65024K, used 10485K [0x0000000081a00000, 0x0000000085980000, 0x00000000d5e00000)
  object space 65024K, 16% used [0x0000000081a00000,0x000000008243d470,0x0000000085980000)
 Metaspace       used 25071K, capacity 25428K, committed 25728K, reserved 1071104K
  class space    used 3088K, capacity 3193K, committed 3200K, reserved 1048576K
Event: 3.287 GC heap after
Heap after GC invocations=7 (full 1):
 PSYoungGen      total 107008K, used 6448K [0x00000000d5e00000, 0x00000000dd300000, 0x0000000100000000)
  eden space 98304K, 0% used [0x00000000d5e00000,0x00000000d5e00000,0x00000000dbe00000)
  from space 8704K, 74% used [0x00000000dca80000,0x00000000dd0cc378,0x00000000dd300000)
  to   space 10752K, 0% used [0x00000000dbe00000,0x00000000dbe00000,0x00000000dc880000)
 ParOldGen       total 65024K, used 10493K [0x0000000081a00000, 0x0000000085980000, 0x00000000d5e00000)
  object space 65024K, 16% used [0x0000000081a00000,0x000000008243f470,0x0000000085980000)
 Metaspace       used 25071K, capacity 25428K, committed 25728K, reserved 1071104K
  class space    used 3088K, capacity 3193K, committed 3200K, reserved 1048576K
}
Event: 4.202 GC heap before
{Heap before GC invocations=8 (full 1):
 PSYoungGen      total 107008K, used 104752K [0x00000000d5e00000, 0x00000000dd300000, 0x0000000100000000)
  eden space 98304K, 100% used [0x00000000d5e00000,0x00000000dbe00000,0x00000000dbe00000)
  from space 8704K, 74% used [0x00000000dca80000,0x00000000dd0cc378,0x00000000dd300000)
  to   space 10752K, 0% used [0x00000000dbe00000,0x00000000dbe00000,0x00000000dc880000)
 ParOldGen       total 65024K, used 10493K [0x0000000081a00000, 0x0000000085980000, 0x00000000d5e00000)
  object space 65024K, 16% used [0x0000000081a00000,0x000000008243f470,0x0000000085980000)
 Metaspace       used 28793K, capacity 29112K, committed 29312K, reserved 1075200K
  class space    used 3546K, capacity 3647K, committed 3712K, reserved 1048576K
Event: 4.218 GC heap after
Heap after GC invocations=8 (full 1):
 PSYoungGen      total 109056K, used 8872K [0x00000000d5e00000, 0x00000000e0080000, 0x0000000100000000)
  eden space 98304K, 0% used [0x00000000d5e00000,0x00000000d5e00000,0x00000000dbe00000)
  from space 10752K, 82% used [0x00000000dbe00000,0x00000000dc6aa3d8,0x00000000dc880000)
  to   space 10752K, 0% used [0x00000000df600000,0x00000000df600000,0x00000000e0080000)
 ParOldGen       total 65024K, used 10501K [0x0000000081a00000, 0x0000000085980000, 0x00000000d5e00000)
  object space 65024K, 16% used [0x0000000081a00000,0x0000000082441470,0x0000000085980000)
 Metaspace       used 28793K, capacity 29112K, committed 29312K, reserved 1075200K
  class space    used 3546K, capacity 3647K, committed 3712K, reserved 1048576K
}
Event: 6.262 GC heap before
{Heap before GC invocations=9 (full 1):
 PSYoungGen      total 109056K, used 94389K [0x00000000d5e00000, 0x00000000e0080000, 0x0000000100000000)
  eden space 98304K, 86% used [0x00000000d5e00000,0x00000000db183168,0x00000000dbe00000)
  from space 10752K, 82% used [0x00000000dbe00000,0x00000000dc6aa3d8,0x00000000dc880000)
  to   space 10752K, 0% used [0x00000000df600000,0x00000000df600000,0x00000000e0080000)
 ParOldGen       total 65024K, used 10501K [0x0000000081a00000, 0x0000000085980000, 0x00000000d5e00000)
  object space 65024K, 16% used [0x0000000081a00000,0x0000000082441470,0x0000000085980000)
 Metaspace       used 34768K, capacity 35202K, committed 35496K, reserved 1081344K
  class space    used 4240K, capacity 4339K, committed 4352K, reserved 1048576K
Event: 6.286 GC heap after
Heap after GC invocations=9 (full 1):
 PSYoungGen      total 153088K, used 10738K [0x00000000d5e00000, 0x00000000e0380000, 0x0000000100000000)
  eden space 142336K, 0% used [0x00000000d5e00000,0x00000000d5e00000,0x00000000de900000)
  from space 10752K, 99% used [0x00000000df600000,0x00000000e007c850,0x00000000e0080000)
  to   space 13312K, 0% used [0x00000000de900000,0x00000000de900000,0x00000000df600000)
 ParOldGen       total 65024K, used 13583K [0x0000000081a00000, 0x0000000085980000, 0x00000000d5e00000)
  object space 65024K, 20% used [0x0000000081a00000,0x0000000082743ed0,0x0000000085980000)
 Metaspace       used 34768K, capacity 35202K, committed 35496K, reserved 1081344K
  class space    used 4240K, capacity 4339K, committed 4352K, reserved 1048576K
}
Event: 6.286 GC heap before
{Heap before GC invocations=10 (full 2):
 PSYoungGen      total 153088K, used 10738K [0x00000000d5e00000, 0x00000000e0380000, 0x0000000100000000)
  eden space 142336K, 0% used [0x00000000d5e00000,0x00000000d5e00000,0x00000000de900000)
  from space 10752K, 99% used [0x00000000df600000,0x00000000e007c850,0x00000000e0080000)
  to   space 13312K, 0% used [0x00000000de900000,0x00000000de900000,0x00000000df600000)
 ParOldGen       total 65024K, used 13583K [0x0000000081a00000, 0x0000000085980000, 0x00000000d5e00000)
  object space 65024K, 20% used [0x0000000081a00000,0x0000000082743ed0,0x0000000085980000)
 Metaspace       used 34768K, capacity 35202K, committed 35496K, reserved 1081344K
  class space    used 4240K, capacity 4339K, committed 4352K, reserved 1048576K
Event: 6.385 GC heap after
Heap after GC invocations=10 (full 2):
 PSYoungGen      total 153088K, used 0K [0x00000000d5e00000, 0x00000000e0380000, 0x0000000100000000)
  eden space 142336K, 0% used [0x00000000d5e00000,0x00000000d5e00000,0x00000000de900000)
  from space 10752K, 0% used [0x00000000df600000,0x00000000df600000,0x00000000e0080000)
  to   space 13312K, 0% used [0x00000000de900000,0x00000000de900000,0x00000000df600000)
 ParOldGen       total 105984K, used 22264K [0x0000000081a00000, 0x0000000088180000, 0x00000000d5e00000)
  object space 105984K, 21% used [0x0000000081a00000,0x0000000082fbe130,0x0000000088180000)
 Metaspace       used 34768K, capacity 35202K, committed 35496K, reserved 1081344K
  class space    used 4240K, capacity 4339K, committed 4352K, reserved 1048576K
}
Event: 8.300 GC heap before
{Heap before GC invocations=11 (full 2):
 PSYoungGen      total 153088K, used 142336K [0x00000000d5e00000, 0x00000000e0380000, 0x0000000100000000)
  eden space 142336K, 100% used [0x00000000d5e00000,0x00000000de900000,0x00000000de900000)
  from space 10752K, 0% used [0x00000000df600000,0x00000000df600000,0x00000000e0080000)
  to   space 13312K, 0% used [0x00000000de900000,0x00000000de900000,0x00000000df600000)
 ParOldGen       total 105984K, used 22264K [0x0000000081a00000, 0x0000000088180000, 0x00000000d5e00000)
  object space 105984K, 21% used [0x0000000081a00000,0x0000000082fbe130,0x0000000088180000)
 Metaspace       used 42678K, capacity 43104K, committed 43392K, reserved 1087488K
  class space    used 5373K, capacity 5496K, committed 5504K, reserved 1048576K
Event: 8.322 GC heap after
Heap after GC invocations=11 (full 2):
 PSYoungGen      total 155648K, used 12419K [0x00000000d5e00000, 0x00000000e2780000, 0x0000000100000000)
  eden space 142336K, 0% used [0x00000000d5e00000,0x00000000d5e00000,0x00000000de900000)
  from space 13312K, 93% used [0x00000000de900000,0x00000000df520cf0,0x00000000df600000)
  to   space 14336K, 0% used [0x00000000e1980000,0x00000000e1980000,0x00000000e2780000)
 ParOldGen       total 105984K, used 22272K [0x0000000081a00000, 0x0000000088180000, 0x00000000d5e00000)
  object space 105984K, 21% used [0x0000000081a00000,0x0000000082fc0130,0x0000000088180000)
 Metaspace       used 42678K, capacity 43104K, committed 43392K, reserved 1087488K
  class space    used 5373K, capacity 5496K, committed 5504K, reserved 1048576K
}

Deoptimization events (10 events):
Event: 44.362 Thread 0x000000001b306800 Uncommon trap: reason=unhandled action=none pc=0x00000000036d0254 method=java.net.URLClassLoader.findClass(Ljava/lang/String;)Ljava/lang/Class; @ 44
Event: 44.363 Thread 0x000000001b306800 Uncommon trap: reason=unhandled action=none pc=0x00000000036d0254 method=java.net.URLClassLoader.findClass(Ljava/lang/String;)Ljava/lang/Class; @ 44
Event: 44.363 Thread 0x000000001b306800 Uncommon trap: reason=unhandled action=none pc=0x00000000036d0254 method=java.net.URLClassLoader.findClass(Ljava/lang/String;)Ljava/lang/Class; @ 44
Event: 44.366 Thread 0x000000001b306800 Uncommon trap: reason=unhandled action=none pc=0x00000000036d0254 method=java.net.URLClassLoader.findClass(Ljava/lang/String;)Ljava/lang/Class; @ 44
Event: 75.218 Thread 0x000000001b306800 Uncommon trap: reason=unhandled action=none pc=0x00000000036d0254 method=java.net.URLClassLoader.findClass(Ljava/lang/String;)Ljava/lang/Class; @ 44
Event: 75.218 Thread 0x000000001b306800 Uncommon trap: reason=unhandled action=none pc=0x00000000036d0254 method=java.net.URLClassLoader.findClass(Ljava/lang/String;)Ljava/lang/Class; @ 44
Event: 75.218 Thread 0x000000001b306800 Uncommon trap: reason=unhandled action=none pc=0x00000000036d0254 method=java.net.URLClassLoader.findClass(Ljava/lang/String;)Ljava/lang/Class; @ 44
Event: 75.219 Thread 0x000000001b306800 Uncommon trap: reason=unhandled action=none pc=0x00000000036d0254 method=java.net.URLClassLoader.findClass(Ljava/lang/String;)Ljava/lang/Class; @ 44
Event: 75.220 Thread 0x000000001b306800 Uncommon trap: reason=unhandled action=none pc=0x00000000036d0254 method=java.net.URLClassLoader.findClass(Ljava/lang/String;)Ljava/lang/Class; @ 44
Event: 75.220 Thread 0x000000001b306800 Uncommon trap: reason=unhandled action=none pc=0x00000000036d0254 method=java.net.URLClassLoader.findClass(Ljava/lang/String;)Ljava/lang/Class; @ 44

Internal exceptions (10 events):
Event: 8.503 Thread 0x0000000003256800 Exception <a 'java/lang/ClassNotFoundException': org/springframework/context/annotation/ConfigurationClassEnhancer$EnhancedConfigurationCustomizer> (0x00000000d6efa080) thrown at [C:\re\workspace\8-2-build-windows-amd64-cygwin\jdk8u60\4407\hotspot\src\shar¡>KI²F!@
Event: 8.638 Thread 0x0000000003256800 Exception <a 'java/lang/ArrayIndexOutOfBoundsException': 141> (0x00000000d7765180) thrown at [C:\re\workspace\8-2-build-windows-amd64-cygwin\jdk8u60\4407\hotspot\src\share\vm\interpreter\interpreterRuntime.cpp, line 366]
Event: 8.638 Thread 0x0000000003256800 Exception <a 'java/lang/ArrayIndexOutOfBoundsException': 40> (0x00000000d7765f98) thrown at [C:\re\workspace\8-2-build-windows-amd64-cygwin\jdk8u60\4407\hotspot\src\share\vm\interpreter\interpreterRuntime.cpp, line 366]
Event: 8.638 Thread 0x0000000003256800 Exception <a 'java/lang/ArrayIndexOutOfBoundsException': 240> (0x00000000d7769960) thrown at [C:\re\workspace\8-2-build-windows-amd64-cygwin\jdk8u60\4407\hotspot\src\share\vm\interpreter\interpreterRuntime.cpp, line 366]
Event: 8.638 Thread 0x0000000003256800 Exception <a 'java/lang/ArrayIndexOutOfBoundsException': 212> (0x00000000d776bde0) thrown at [C:\re\workspace\8-2-build-windows-amd64-cygwin\jdk8u60\4407\hotspot\src\share\vm\interpreter\interpreterRuntime.cpp, line 366]
Event: 8.638 Thread 0x0000000003256800 Exception <a 'java/lang/ArrayIndexOutOfBoundsException': 121> (0x00000000d776dc60) thrown at [C:\re\workspace\8-2-build-windows-amd64-cygwin\jdk8u60\4407\hotspot\src\share\vm\interpreter\interpreterRuntime.cpp, line 366]
Event: 8.639 Thread 0x0000000003256800 Exception <a 'java/lang/ArrayIndexOutOfBoundsException': 331> (0x00000000d7770d40) thrown at [C:\re\workspace\8-2-build-windows-amd64-cygwin\jdk8u60\4407\hotspot\src\share\vm\interpreter\interpreterRuntime.cpp, line 366]
Event: 8.639 Thread 0x0000000003256800 Exception <a 'java/lang/ArrayIndexOutOfBoundsException': 192> (0x00000000d7772bb0) thrown at [C:\re\workspace\8-2-build-windows-amd64-cygwin\jdk8u60\4407\hotspot\src\share\vm\interpreter\interpreterRuntime.cpp, line 366]
Event: 8.683 Thread 0x0000000003256800 Exception <a 'java/lang/ArrayIndexOutOfBoundsException': 153> (0x00000000d7aa5cd0) thrown at [C:\re\workspace\8-2-build-windows-amd64-cygwin\jdk8u60\4407\hotspot\src\share\vm\interpreter\interpreterRuntime.cpp, line 366]
Event: 8.683 Thread 0x0000000003256800 Exception <a 'java/lang/ArrayIndexOutOfBoundsException': 323> (0x00000000d7aab008) thrown at [C:\re\workspace\8-2-build-windows-amd64-cygwin\jdk8u60\4407\hotspot\src\share\vm\interpreter\interpreterRuntime.cpp, line 366]

Events (10 events):
Event: 78.331 Thread 0x0000000017ef2800 flushing nmethod 0x000000000401e710
Event: 78.331 Thread 0x0000000017ef2800 flushing nmethod 0x0000000004026f50
Event: 78.331 Thread 0x0000000017ef2800 flushing nmethod 0x00000000040296d0
Event: 78.331 Thread 0x0000000017ef2800 flushing nmethod 0x000000000403c5d0
Event: 78.331 Thread 0x0000000017ef2800 flushing nmethod 0x000000000404cb10
Event: 92.819 Thread 0x0000000017ef2800 flushing nmethod 0x000000000418cc50
Event: 104.310 Executing VM operation: GetOrSetLocal
Event: 104.310 Executing VM operation: GetOrSetLocal done
Event: 259.030 Executing VM operation: RedefineClasses
Event: 259.055 Executing VM operation: RedefineClasses done


Dynamic libraries:
0x00007ff733540000 - 0x00007ff733577000 	C:\Java\jdk1.8.0_60\bin\javaw.exe
0x00007fff01d50000 - 0x00007fff01f11000 	C:\WINDOWS\SYSTEM32\ntdll.dll
0x00007ffeffa80000 - 0x00007ffeffb2d000 	C:\WINDOWS\system32\KERNEL32.DLL
0x00007ffefe760000 - 0x00007ffefe948000 	C:\WINDOWS\system32\KERNELBASE.dll
0x00007ffeffd80000 - 0x00007ffeffe27000 	C:\WINDOWS\system32\ADVAPI32.dll
0x00007ffeff140000 - 0x00007ffeff1dd000 	C:\WINDOWS\system32\msvcrt.dll
0x00007ffeff770000 - 0x00007ffeff7cb000 	C:\WINDOWS\system32\sechost.dll
0x00007ffeff940000 - 0x00007ffeffa5c000 	C:\WINDOWS\system32\RPCRT4.dll
0x00007fff00660000 - 0x00007fff007b6000 	C:\WINDOWS\system32\USER32.dll
0x00007fff00190000 - 0x00007fff00316000 	C:\WINDOWS\system32\GDI32.dll
0x00007ffef0f20000 - 0x00007ffef1194000 	C:\WINDOWS\WinSxS\amd64_microsoft.windows.common-controls_6595b64144ccf1df_6.0.10586.494_none_a2d8b04ea53e3145\COMCTL32.dll
0x00007fff003e0000 - 0x00007fff0065d000 	C:\WINDOWS\system32\combase.dll
0x00007ffefe3e0000 - 0x00007ffefe44a000 	C:\WINDOWS\system32\bcryptPrimitives.dll
0x00007fff00320000 - 0x00007fff0035b000 	C:\WINDOWS\system32\IMM32.DLL
0x0000000050300000 - 0x00000000503d2000 	C:\Java\jdk1.8.0_60\jre\bin\msvcr100.dll
0x0000000077770000 - 0x0000000077ff9000 	C:\Java\jdk1.8.0_60\jre\bin\server\jvm.dll
0x00007fff01d40000 - 0x00007fff01d48000 	C:\WINDOWS\system32\PSAPI.DLL
0x00007ffeeff00000 - 0x00007ffeeff09000 	C:\WINDOWS\SYSTEM32\WSOCK32.dll
0x00007ffefc190000 - 0x00007ffefc1b3000 	C:\WINDOWS\SYSTEM32\WINMM.dll
0x00007ffeffd10000 - 0x00007ffeffd7b000 	C:\WINDOWS\system32\WS2_32.dll
0x00007ffefc9e0000 - 0x00007ffefc9ea000 	C:\WINDOWS\SYSTEM32\VERSION.dll
0x0000000001880000 - 0x00000000018ac000 	C:\WINDOWS\SYSTEM32\WINMMBASE.dll
0x00007ffefe4b0000 - 0x00007ffefe4f3000 	C:\WINDOWS\system32\cfgmgr32.dll
0x0000000050b00000 - 0x0000000050b0f000 	C:\Java\jdk1.8.0_60\jre\bin\verify.dll
0x0000000050ad0000 - 0x0000000050af9000 	C:\Java\jdk1.8.0_60\jre\bin\java.dll
0x0000000050120000 - 0x0000000050155000 	C:\Java\jdk1.8.0_60\jre\bin\jdwp.dll
0x00000000509a0000 - 0x00000000509a8000 	C:\Java\jdk1.8.0_60\jre\bin\npt.dll
0x0000000050a80000 - 0x0000000050a96000 	C:\Java\jdk1.8.0_60\jre\bin\zip.dll
0x00007fff007e0000 - 0x00007fff01d3c000 	C:\WINDOWS\system32\SHELL32.dll
0x00007ffefeae0000 - 0x00007ffeff125000 	C:\WINDOWS\system32\windows.storage.dll
0x00007ffeff8e0000 - 0x00007ffeff932000 	C:\WINDOWS\system32\shlwapi.dll
0x00007ffefe3b0000 - 0x00007ffefe3bf000 	C:\WINDOWS\system32\kernel.appcore.dll
0x00007ffefe950000 - 0x00007ffefea05000 	C:\WINDOWS\system32\shcore.dll
0x00007ffefe350000 - 0x00007ffefe39b000 	C:\WINDOWS\system32\powrprof.dll
0x00007ffefe3c0000 - 0x00007ffefe3d4000 	C:\WINDOWS\system32\profapi.dll
0x0000000050990000 - 0x0000000050999000 	C:\Java\jdk1.8.0_60\jre\bin\dt_socket.dll
0x00007ffefb990000 - 0x00007ffefb9a8000 	C:\WINDOWS\system32\NLAapi.dll
0x00007ffef07f0000 - 0x00007ffef0806000 	C:\WINDOWS\system32\napinsp.dll
0x00007ffef07d0000 - 0x00007ffef07ea000 	C:\WINDOWS\system32\pnrpnsp.dll
0x00007ffefd910000 - 0x00007ffefd96c000 	C:\WINDOWS\System32\mswsock.dll
0x00007ffefc390000 - 0x00007ffefc43a000 	C:\WINDOWS\SYSTEM32\DNSAPI.dll
0x00007fff00360000 - 0x00007fff00368000 	C:\WINDOWS\system32\NSI.dll
0x00007ffef07c0000 - 0x00007ffef07cd000 	C:\WINDOWS\System32\winrnr.dll
0x0000000051190000 - 0x00000000511b6000 	C:\Program Files\Bonjour\mdnsNSP.dll
0x00007ffefa880000 - 0x00007ffefa8b8000 	C:\WINDOWS\SYSTEM32\Iphlpapi.DLL
0x00007ffef07a0000 - 0x00007ffef07b5000 	C:\WINDOWS\System32\wshbth.dll
0x00007ffef9ca0000 - 0x00007ffef9d07000 	C:\WINDOWS\System32\fwpuclnt.dll
0x00007ffefe280000 - 0x00007ffefe2a9000 	C:\WINDOWS\SYSTEM32\bcrypt.dll
0x00007ffef2240000 - 0x00007ffef224a000 	C:\Windows\System32\rasadhlp.dll
0x0000000050110000 - 0x000000005011d000 	C:\Java\jdk1.8.0_60\jre\bin\management.dll
0x0000000050a60000 - 0x0000000050a7a000 	C:\Java\jdk1.8.0_60\jre\bin\net.dll
0x0000000050a40000 - 0x0000000050a51000 	C:\Java\jdk1.8.0_60\jre\bin\nio.dll
0x00007ffefd9c0000 - 0x00007ffefd9d7000 	C:\WINDOWS\SYSTEM32\CRYPTSP.dll
0x00007ffefd650000 - 0x00007ffefd684000 	C:\WINDOWS\system32\rsaenh.dll
0x00007ffefd7a0000 - 0x00007ffefd7bf000 	C:\WINDOWS\SYSTEM32\USERENV.dll
0x00007ffefdae0000 - 0x00007ffefdaeb000 	C:\WINDOWS\SYSTEM32\CRYPTBASE.dll
0x00007ffef9a30000 - 0x00007ffef9a46000 	C:\WINDOWS\SYSTEM32\dhcpcsvc6.DLL
0x00007ffef9a10000 - 0x00007ffef9a2a000 	C:\WINDOWS\SYSTEM32\dhcpcsvc.DLL
0x0000000050a10000 - 0x0000000050a34000 	C:\Java\jdk1.8.0_60\jre\bin\sunec.dll
0x00007ffedce60000 - 0x00007ffedcfec000 	C:\WINDOWS\SYSTEM32\dbghelp.dll

VM Arguments:
jvm_args: -agentlib:jdwp=transport=dt_socket,suspend=y,address=localhost:57569 -Dcom.sun.management.jmxremote -Dcom.sun.management.jmxremote.port=57568 -Dcom.sun.management.jmxremote.authenticate=false -Dcom.sun.management.jmxremote.ssl=false -Dspring.liveBeansView.mbeanDomain -Dspring.application.admin.enabled=true -Dfile.encoding=UTF-8 
java_command: com.tacticlogistics.AuditoriaApplication --spring.output.ansi.enabled=always
java_class_path (initial): C:\Workspace\Java\java-sts\tactic-auditoria\target\classes;C:\Users\steven\.m2\repository\org\springframework\boot\spring-boot-starter-batch\1.4.2.RELEASE\spring-boot-starter-batch-1.4.2.RELEASE.jar;C:\Users\steven\.m2\repository\org\springframework\boot\spring-boot-starter\1.4.2.RELEASE\spring-boot-starter-1.4.2.RELEASE.jar;C:\Users\steven\.m2\repository\org\springframework\boot\spring-boot\1.4.2.RELEASE\spring-boot-1.4.2.RELEASE.jar;C:\Users\steven\.m2\repository\org\springframework\boot\spring-boot-autoconfigure\1.4.2.RELEASE\spring-boot-autoconfigure-1.4.2.RELEASE.jar;C:\Users\steven\.m2\repository\org\springframework\boot\spring-boot-starter-logging\1.4.2.RELEASE\spring-boot-starter-logging-1.4.2.RELEASE.jar;C:\Users\steven\.m2\repository\ch\qos\logback\logback-classic\1.1.7\logback-classic-1.1.7.jar;C:\Users\steven\.m2\repository\ch\qos\logback\logback-core\1.1.7\logback-core-1.1.7.jar;C:\Users\steven\.m2\repository\org\slf4j\jul-to-slf4j\1.7.21\jul-to-slf4j-1.7.21.jar;C:\Users\steven\.m2\repository\org\slf4j\log4j-over-slf4j\1.7.21\log4j-over-slf4j-1.7.21.jar;C:\Users\steven\.m2\repository\org\yaml\snakeyaml\1.17\snakeyaml-1.17.jar;C:\Users\steven\.m2\repository\org\springframework\batch\spring-batch-core\3.0.7.RELEASE\spring-batch-core-3.0.7.RELEASE.jar;C:\Users\steven\.m2\repository\com\ibm\jbatch\com.ibm.jbatch-tck-spi\1.0\com.ibm.jbatch-tck-spi-1.0.jar;C:\Users\steven\.m2\repository\javax\batch\javax.batch-api\1.0\javax.batch-api-1.0.jar;C:\Users\steven\.m2\repository\com\thoughtworks\xstream\xstream\1.4.7\xstream-1.4.7.jar;C:\Users\steven\.m2\repository\xmlpull\xmlpull\1.1.3.1\xmlpull-1.1.3.1.jar;C:\Users\steven\.m2\repository\xpp3\xpp3_min\1.1.4c\xpp3_min-1.1.4c.jar;C:\Users\steven\.m2\repository\org\codehaus\jettison\jettison\1.2\jettison-1.2.jar;C:\Users\steven\.m2\repository\org\springframework\batch\spring-batch-infrastructure\3.0.7.RELEASE\spring-batch-infrastructure-3.0.7.RELEASE.jar;C:\Users\steven\.m2\repository\org\
Launcher Type: SUN_STANDARD

Environment Variables:
JAVA_HOME=C:\Java\jdk1.8.0_60
USERNAME=steven
OS=Windows_NT
PROCESSOR_IDENTIFIER=Intel64 Family 6 Model 61 Stepping 4, GenuineIntel



---------------  S Y S T E M  ---------------

OS: Windows 10.0 , 64 bit Build 10586 (10.0.10586.0)

CPU:total 4 (2 cores per cpu, 2 threads per core) family 6 model 61 stepping 4, cmov, cx8, fxsr, mmx, sse, sse2, sse3, ssse3, sse4.1, sse4.2, popcnt, avx, avx2, aes, clmul, erms, rtm, 3dnowpref, lzcnt, ht, tsc, tscinvbit, bmi1, bmi2, adx

Memory: 4k page, physical 8281452k(2304468k free), swap 16670060k(8506892k free)

vm_info: Java HotSpot(TM) 64-Bit Server VM (25.60-b23) for windows-amd64 JRE (1.8.0_60-b27), built on Aug  4 2015 11:06:27 by "java_re" with MS VC++ 10.0 (VS2010)

time: Thu Nov 10 01:48:04 2016
elapsed time: 259 seconds (0d 0h 4m 19s)

